<?xml version="1.0" encoding="UTF-8"?>
<!-- Generated by org.testng.reporters.JUnitXMLReporter -->
<testsuite ignored="0" hostname="DESKTOP-GQ9J60K" failures="0" tests="3" name="Default test" time="30.113" errors="0" timestamp="2024-03-01T06:00:34 EET">
  <testcase classname="com.google.selenium.test.test2" name="searchForItem" time="4.077"/>
  <testcase classname="com.google.selenium.test.test2" name="addItem" time="11.146"/>
  <testcase classname="com.google.selenium.test.test2" name="checkOut" time="10.427"/>
</testsuite> <!-- Default test -->
