<?xml version="1.0" encoding="UTF-8"?>
<!-- Generated by org.testng.reporters.JUnitXMLReporter -->
<testsuite ignored="0" hostname="DESKTOP-GQ9J60K" failures="0" tests="3" name="Default test" time="21.826" errors="0" timestamp="2024-03-01T15:15:47 EET">
  <testcase classname="com.google.selenium.test.test2" name="searchForItem" time="3.518"/>
  <testcase classname="com.google.selenium.test.test2" name="addItem" time="4.53"/>
  <testcase classname="com.google.selenium.test.test2" name="checkOut" time="9.887"/>
</testsuite> <!-- Default test -->
