<?xml version="1.0" encoding="UTF-8"?>
<!-- Generated by org.testng.reporters.JUnitXMLReporter -->
<testsuite ignored="0" hostname="DESKTOP-GQ9J60K" failures="0" tests="6" name="Default test" time="25.834" errors="0" timestamp="2024-02-29T14:24:37 EET">
  <testcase classname="com.google.selenium.test.test2" name="buyItem" time="0.044"/>
  <testcase classname="com.google.selenium.test.test2" name="searchForItem" time="0.018"/>
  <testcase classname="com.google.selenium.test.test2" name="userCanLogin" time="0.023"/>
  <testcase classname="com.google.selenium.test.test3" name="buyItem" time="0.022"/>
  <testcase classname="com.google.selenium.test.test3" name="searchForItem" time="0.012"/>
  <testcase classname="com.google.selenium.test.test3" name="userCanLogin" time="0.021"/>
</testsuite> <!-- Default test -->
